0 info it worked if it ends with ok
1 verbose cli [ '/usr/local/Cellar/node/7.5.0/bin/node',
1 verbose cli   '/usr/local/bin/npm',
1 verbose cli   'start' ]
2 info using npm@4.1.2
3 info using node@v7.7.2
4 verbose run-script [ 'prestart', 'start', 'poststart' ]
5 info lifecycle iamservice@0.0.0~prestart: iamservice@0.0.0
6 silly lifecycle iamservice@0.0.0~prestart: no script for prestart, continuing
7 info lifecycle iamservice@0.0.0~start: iamservice@0.0.0
8 verbose lifecycle iamservice@0.0.0~start: unsafe-perm in lifecycle true
9 verbose lifecycle iamservice@0.0.0~start: PATH: /usr/local/lib/node_modules/npm/bin/node-gyp-bin:/Users/user/Projects/iam/iamservice/node_modules/.bin:/usr/local/bin:/usr/bin:/bin:/usr/sbin:/sbin:/usr/local/share/dotnet:/Library/Frameworks/Mono.framework/Versions/Current/Commands:/Users/user/.rvm/bin
10 verbose lifecycle iamservice@0.0.0~start: CWD: /Users/user/Projects/iam/iamservice
11 silly lifecycle iamservice@0.0.0~start: Args: [ '-c', 'node ./bin/www' ]
12 silly lifecycle iamservice@0.0.0~start: Returned: code: 1  signal: null
13 info lifecycle iamservice@0.0.0~start: Failed to exec start script
14 verbose stack Error: iamservice@0.0.0 start: `node ./bin/www`
14 verbose stack Exit status 1
14 verbose stack     at EventEmitter.<anonymous> (/usr/local/lib/node_modules/npm/lib/utils/lifecycle.js:279:16)
14 verbose stack     at emitTwo (events.js:106:13)
14 verbose stack     at EventEmitter.emit (events.js:194:7)
14 verbose stack     at ChildProcess.<anonymous> (/usr/local/lib/node_modules/npm/lib/utils/spawn.js:40:14)
14 verbose stack     at emitTwo (events.js:106:13)
14 verbose stack     at ChildProcess.emit (events.js:194:7)
14 verbose stack     at maybeClose (internal/child_process.js:899:16)
14 verbose stack     at Process.ChildProcess._handle.onexit (internal/child_process.js:226:5)
15 verbose pkgid iamservice@0.0.0
16 verbose cwd /Users/user/Projects/iam/iamservice
17 error Darwin 16.7.0
18 error argv "/usr/local/Cellar/node/7.5.0/bin/node" "/usr/local/bin/npm" "start"
19 error node v7.7.2
20 error npm  v4.1.2
21 error code ELIFECYCLE
22 error iamservice@0.0.0 start: `node ./bin/www`
22 error Exit status 1
23 error Failed at the iamservice@0.0.0 start script 'node ./bin/www'.
23 error Make sure you have the latest version of node.js and npm installed.
23 error If you do, this is most likely a problem with the iamservice package,
23 error not with npm itself.
23 error Tell the author that this fails on your system:
23 error     node ./bin/www
23 error You can get information on how to open an issue for this project with:
23 error     npm bugs iamservice
23 error Or if that isn't available, you can get their info via:
23 error     npm owner ls iamservice
23 error There is likely additional logging output above.
24 verbose exit [ 1, true ]
